Flow report for Nios2OM
Mon Feb 27 14:40:21 2023
Quartus Prime Version 16.1.0 Build 196 10/24/2016 SJ Lite Edition


---------------------
; Table of Contents ;
---------------------
  1. Legal Notice
  2. Flow Summary
  3. Flow Settings
  4. Flow Non-Default Global Settings
  5. Flow Elapsed Time
  6. Flow OS Summary
  7. Flow Log
  8. Flow Messages
  9. Flow Suppressed Messages



----------------
; Legal Notice ;
----------------
Copyright (C) 2016  Intel Corporation. All rights reserved.
Your use of Intel Corporation's design tools, logic functions 
and other software and tools, and its AMPP partner logic 
functions, and any output files from any of the foregoing 
(including device programming or simulation files), and any 
associated documentation or information are expressly subject 
to the terms and conditions of the Intel Program License 
Subscription Agreement, the Intel Quartus Prime License Agreement,
the Intel MegaCore Function License Agreement, or other 
applicable license agreement, including, without limitation, 
that your use is for the sole purpose of programming logic 
devices manufactured by Intel and sold by Intel or its 
authorized distributors.  Please refer to the applicable 
agreement for further details.



+----------------------------------------------------------------------------------+
; Flow Summary                                                                     ;
+------------------------------------+---------------------------------------------+
; Flow Status                        ; Successful - Mon Feb 27 14:39:43 2023       ;
; Quartus Prime Version              ; 16.1.0 Build 196 10/24/2016 SJ Lite Edition ;
; Revision Name                      ; Nios2OM                                     ;
; Top-level Entity Name              ; DE10_LITE_Default                           ;
; Family                             ; MAX 10                                      ;
; Device                             ; 10M50DAF484C6GES                            ;
; Timing Models                      ; Preliminary                                 ;
; Total logic elements               ; 12,520 / 49,760 ( 25 % )                    ;
;     Total combinational functions  ; 10,356 / 49,760 ( 21 % )                    ;
;     Dedicated logic registers      ; 7,869 / 49,760 ( 16 % )                     ;
; Total registers                    ; 7936                                        ;
; Total pins                         ; 185 / 360 ( 51 % )                          ;
; Total virtual pins                 ; 0                                           ;
; Total memory bits                  ; 890,560 / 1,677,312 ( 53 % )                ;
; Embedded Multiplier 9-bit elements ; 8 / 288 ( 3 % )                             ;
; Total PLLs                         ; 2 / 4 ( 50 % )                              ;
; UFM blocks                         ; 1 / 1 ( 100 % )                             ;
; ADC blocks                         ; 1 / 2 ( 50 % )                              ;
+------------------------------------+---------------------------------------------+


+-----------------------------------------+
; Flow Settings                           ;
+-------------------+---------------------+
; Option            ; Setting             ;
+-------------------+---------------------+
; Start date & time ; 02/27/2023 14:31:54 ;
; Main task         ; Compilation         ;
; Revision Name     ; Nios2OM             ;
+-------------------+---------------------+


+----------------------------------------------------------------------------------------------------------------------------------------------------+
; Flow Non-Default Global Settings                                                                                                                   ;
+-------------------------------------+-----------------------------------------------------------+---------------+---------------------+------------+
; Assignment Name                     ; Value                                                     ; Default Value ; Entity Name         ; Section Id ;
+-------------------------------------+-----------------------------------------------------------+---------------+---------------------+------------+
; COMPILER_SIGNATURE_ID               ; 119779273725565.167750471309704                           ; --            ; --                  ; --         ;
; MAX_CORE_JUNCTION_TEMP              ; 85                                                        ; --            ; --                  ; --         ;
; MESSAGE_DISABLE                     ; 332060                                                    ; --            ; altera_onchip_flash ; --         ;
; MIN_CORE_JUNCTION_TEMP              ; 0                                                         ; --            ; --                  ; --         ;
; MISC_FILE                           ; Nios2OM/synthesis/../Nios2OM.cmp                          ; --            ; --                  ; --         ;
; MISC_FILE                           ; Nios2OM/synthesis/../../Nios2OM.qsys                      ; --            ; --                  ; --         ;
; MISC_FILE                           ; VGA_DATA/Img_RAM.bsf                                      ; --            ; --                  ; --         ;
; MISC_FILE                           ; VGA_Audio_PLL_bb.v                                        ; --            ; --                  ; --         ;
; MISC_FILE                           ; VGA_Audio_PLL.ppf                                         ; --            ; --                  ; --         ;
; OUTPUT_IO_TIMING_FAR_END_VMEAS      ; Half Signal Swing                                         ; --            ; --                  ; --         ;
; OUTPUT_IO_TIMING_FAR_END_VMEAS      ; Half Signal Swing                                         ; --            ; --                  ; --         ;
; OUTPUT_IO_TIMING_NEAR_END_VMEAS     ; Half Vccio                                                ; --            ; --                  ; --         ;
; OUTPUT_IO_TIMING_NEAR_END_VMEAS     ; Half Vccio                                                ; --            ; --                  ; --         ;
; PARTITION_COLOR                     ; -- (Not supported for targeted family)                    ; --            ; DE10_LITE_Default   ; Top        ;
; PARTITION_FITTER_PRESERVATION_LEVEL ; -- (Not supported for targeted family)                    ; --            ; DE10_LITE_Default   ; Top        ;
; PARTITION_NETLIST_TYPE              ; -- (Not supported for targeted family)                    ; --            ; DE10_LITE_Default   ; Top        ;
; POWER_BOARD_THERMAL_MODEL           ; None (CONSERVATIVE)                                       ; --            ; --                  ; --         ;
; POWER_PRESET_COOLING_SOLUTION       ; 23 MM HEAT SINK WITH 200 LFPM AIRFLOW                     ; --            ; --                  ; --         ;
; SLD_FILE                            ; Nios2OM/synthesis/Nios2OM.regmap                          ; --            ; --                  ; --         ;
; SLD_FILE                            ; Nios2OM/synthesis/Nios2OM.debuginfo                       ; --            ; --                  ; --         ;
; SLD_INFO                            ; QSYS_NAME Nios2OM HAS_SOPCINFO 1 GENERATION_ID 1677504570 ; --            ; --                  ; --         ;
; SOPCINFO_FILE                       ; Nios2OM/synthesis/../../Nios2OM.sopcinfo                  ; --            ; --                  ; --         ;
; SYNTHESIS_ONLY_QIP                  ; On                                                        ; --            ; --                  ; --         ;
; TOP_LEVEL_ENTITY                    ; DE10_LITE_Default                                         ; Nios2OM       ; --                  ; --         ;
+-------------------------------------+-----------------------------------------------------------+---------------+---------------------+------------+


+-------------------------------------------------------------------------------------------------------------------------------+
; Flow Elapsed Time                                                                                                             ;
+---------------------------+--------------+-------------------------+---------------------+------------------------------------+
; Module Name               ; Elapsed Time ; Average Processors Used ; Peak Virtual Memory ; Total CPU Time (on all processors) ;
+---------------------------+--------------+-------------------------+---------------------+------------------------------------+
; Analysis & Synthesis      ; 00:03:35     ; 1.0                     ; 5194 MB             ; 00:05:01                           ;
; Fitter                    ; 00:03:41     ; 1.2                     ; 5513 MB             ; 00:04:55                           ;
; Assembler                 ; 00:00:08     ; 1.0                     ; 4754 MB             ; 00:00:08                           ;
; TimeQuest Timing Analyzer ; 00:00:35     ; 1.6                     ; 4954 MB             ; 00:00:46                           ;
; Total                     ; 00:07:59     ; --                      ; --                  ; 00:10:50                           ;
+---------------------------+--------------+-------------------------+---------------------+------------------------------------+


+-----------------------------------------------------------------------------------------+
; Flow OS Summary                                                                         ;
+---------------------------+------------------+------------+------------+----------------+
; Module Name               ; Machine Hostname ; OS Name    ; OS Version ; Processor type ;
+---------------------------+------------------+------------+------------+----------------+
; Analysis & Synthesis      ; DESKTOP-O7QQKTV  ; Windows 10 ; 10.0       ; x86_64         ;
; Fitter                    ; DESKTOP-O7QQKTV  ; Windows 10 ; 10.0       ; x86_64         ;
; Assembler                 ; DESKTOP-O7QQKTV  ; Windows 10 ; 10.0       ; x86_64         ;
; TimeQuest Timing Analyzer ; DESKTOP-O7QQKTV  ; Windows 10 ; 10.0       ; x86_64         ;
+---------------------------+------------------+------------+------------+----------------+


------------
; Flow Log ;
------------
quartus_map --read_settings_files=on --write_settings_files=off Nios2OM -c Nios2OM
quartus_fit --read_settings_files=off --write_settings_files=off Nios2OM -c Nios2OM
quartus_asm --read_settings_files=off --write_settings_files=off Nios2OM -c Nios2OM
quartus_sta Nios2OM -c Nios2OM



